<?xml version="1.0" encoding="UTF-8"?>
<testsuite xmlns:xsi="http://www.w3.org/2001/XMLSchema-instance" xsi:noNamespaceSchemaLocation="https://maven.apache.org/surefire/maven-surefire-plugin/xsd/surefire-test-report-3.0.xsd" version="3.0" name="TestSuite" time="5.781" tests="8" errors="0" skipped="0" failures="0">
  <properties>
[...]
</properties>
  <testcase name="testCreatePost" classname="com.booker.api.tests.PostApiTest" time="1.19">
    <system-out><![CDATA[POST Response: Created post with ID 101
]]></system-out>
    <system-err><![CDATA[SLF4J: Failed to load class "org.slf4j.impl.StaticLoggerBinder".
SLF4J: Defaulting to no-operation (NOP) logger implementation
SLF4J: See http://www.slf4j.org/codes.html#StaticLoggerBinder for further details.
]]></system-err>
  </testcase>
  <testcase name="testDeletePost" classname="com.booker.api.tests.PostApiTest" time="0.562">
    <system-out><![CDATA[DELETE Response: Post deleted successfully
]]></system-out>
  </testcase>
  <testcase name="testGetPost" classname="com.booker.api.tests.PostApiTest" time="0.456">
    <system-out><![CDATA[GET Response: sunt aut facere repellat provident occaecati excepturi optio reprehenderit
]]></system-out>
  </testcase>
  <testcase name="testUpdatePost" classname="com.booker.api.tests.PostApiTest" time="0.795">
    <system-out><![CDATA[PUT Response: Updated post title to 'Updated Post Title'
]]></system-out>
  </testcase>
  <testcase name="testCreateUser" classname="com.booker.api.tests.UserApiTest" time="0.686">
    <system-out><![CDATA[POST: Created user 'John Smith' with ID 11
]]></system-out>
  </testcase>
  <testcase name="testDeleteUser" classname="com.booker.api.tests.UserApiTest" time="0.481">
    <system-out><![CDATA[DELETE: User deleted successfully
]]></system-out>
  </testcase>
  <testcase name="testGetUser" classname="com.booker.api.tests.UserApiTest" time="0.552">
    <system-out><![CDATA[GET: Retrieved user 'Leanne Graham' from city 'Gwenborough'
]]></system-out>
  </testcase>
  <testcase name="testUpdateUser" classname="com.booker.api.tests.UserApiTest" time="0.76">
    <system-out><![CDATA[PUT: Updated user to 'Updated Name' in city 'London'
]]></system-out>
  </testcase>
</testsuite>