<?xml version="1.0" encoding="UTF-8"?>
<testng-results ignored="0" total="8" passed="8" failed="0" skipped="0">
  <reporter-output>
  </reporter-output>
  <suite started-at="2026-01-18T18:01:37 IST" name="API Test Suite" finished-at="2026-01-18T18:01:42 IST" duration-ms="5623">
    <groups>
    </groups>
    <test started-at="2026-01-18T18:01:37 IST" name="Post CRUD Tests" finished-at="2026-01-18T18:01:40 IST" duration-ms="3130">
      <class name="com.booker.api.tests.PostApiTest">
        <test-method is-config="true" signature="setup()[pri:0, instance:com.booker.api.tests.PostApiTest@55a561cf]" started-at="2026-01-18T18:01:37 IST" name="setup" finished-at="2026-01-18T18:01:37 IST" duration-ms="118" status="PASS">
          <reporter-output>
          </reporter-output>
        </test-method> <!-- setup -->
        <test-method signature="testCreatePost()[pri:0, instance:com.booker.api.tests.PostApiTest@55a561cf]" started-at="2026-01-18T18:01:37 IST" name="testCreatePost" description="POST /posts - Create new post" finished-at="2026-01-18T18:01:38 IST" duration-ms="1189" status="PASS">
          <reporter-output>
          </reporter-output>
        </test-method> <!-- testCreatePost -->
        <test-method signature="testDeletePost()[pri:0, instance:com.booker.api.tests.PostApiTest@55a561cf]" started-at="2026-01-18T18:01:38 IST" name="testDeletePost" description="DELETE /posts/1 - Delete a post" finished-at="2026-01-18T18:01:38 IST" duration-ms="564" status="PASS">
          <reporter-output>
          </reporter-output>
        </test-method> <!-- testDeletePost -->
        <test-method signature="testGetPost()[pri:0, instance:com.booker.api.tests.PostApiTest@55a561cf]" started-at="2026-01-18T18:01:38 IST" name="testGetPost" description="GET /posts/1 - Retrieve single post" finished-at="2026-01-18T18:01:39 IST" duration-ms="455" status="PASS">
          <reporter-output>
          </reporter-output>
        </test-method> <!-- testGetPost -->
        <test-method signature="testUpdatePost()[pri:0, instance:com.booker.api.tests.PostApiTest@55a561cf]" started-at="2026-01-18T18:01:39 IST" name="testUpdatePost" description="PUT /posts/1 - Update existing post" finished-at="2026-01-18T18:01:40 IST" duration-ms="795" status="PASS">
          <reporter-output>
          </reporter-output>
        </test-method> <!-- testUpdatePost -->
      </class> <!-- com.booker.api.tests.PostApiTest -->
    </test> <!-- Post CRUD Tests -->
    <test started-at="2026-01-18T18:01:40 IST" name="User CRUD Tests" finished-at="2026-01-18T18:01:42 IST" duration-ms="2480">
      <class name="com.booker.api.tests.UserApiTest">
        <test-method signature="testCreateUser()[pri:0, instance:com.booker.api.tests.UserApiTest@78b729e6]" started-at="2026-01-18T18:01:40 IST" name="testCreateUser" description="POST /users - Create user with nested Address, Geo, Company" finished-at="2026-01-18T18:01:40 IST" duration-ms="686" status="PASS">
          <reporter-output>
          </reporter-output>
        </test-method> <!-- testCreateUser -->
        <test-method is-config="true" signature="setup()[pri:0, instance:com.booker.api.tests.UserApiTest@78b729e6]" started-at="2026-01-18T18:01:40 IST" name="setup" finished-at="2026-01-18T18:01:40 IST" duration-ms="0" status="PASS">
          <reporter-output>
          </reporter-output>
        </test-method> <!-- setup -->
        <test-method signature="testDeleteUser()[pri:0, instance:com.booker.api.tests.UserApiTest@78b729e6]" started-at="2026-01-18T18:01:40 IST" name="testDeleteUser" description="DELETE /users/1 - Delete a user" finished-at="2026-01-18T18:01:41 IST" duration-ms="479" status="PASS">
          <reporter-output>
          </reporter-output>
        </test-method> <!-- testDeleteUser -->
        <test-method signature="testGetUser()[pri:0, instance:com.booker.api.tests.UserApiTest@78b729e6]" started-at="2026-01-18T18:01:41 IST" name="testGetUser" description="GET /users/1 - Retrieve user with nested Address &amp; Company" finished-at="2026-01-18T18:01:41 IST" duration-ms="552" status="PASS">
          <reporter-output>
          </reporter-output>
        </test-method> <!-- testGetUser -->
        <test-method signature="testUpdateUser()[pri:0, instance:com.booker.api.tests.UserApiTest@78b729e6]" started-at="2026-01-18T18:01:41 IST" name="testUpdateUser" description="PUT /users/1 - Update user with new nested data" finished-at="2026-01-18T18:01:42 IST" duration-ms="760" status="PASS">
          <reporter-output>
          </reporter-output>
        </test-method> <!-- testUpdateUser -->
      </class> <!-- com.booker.api.tests.UserApiTest -->
    </test> <!-- User CRUD Tests -->
  </suite> <!-- API Test Suite -->
</testng-results>
