<?xml version="1.0" encoding="UTF-8"?>
<!-- Generated by org.testng.reporters.JUnitReportReporter -->
<testsuite hostname="Ayushs-MacBook-Air.local" failures="0" tests="4" name="com.booker.api.tests.PostApiTest" time="3.003" errors="0" timestamp="2026-01-18T18:01:42 IST" skipped="0">
  <testcase classname="com.booker.api.tests.PostApiTest" name="testDeletePost" time="0.564"/>
  <testcase classname="com.booker.api.tests.PostApiTest" name="testUpdatePost" time="0.795"/>
  <testcase classname="com.booker.api.tests.PostApiTest" name="testGetPost" time="0.455"/>
  <testcase classname="com.booker.api.tests.PostApiTest" name="testCreatePost" time="1.189"/>
</testsuite> <!-- com.booker.api.tests.PostApiTest -->
