<?xml version="1.0" encoding="UTF-8"?>
<!-- Generated by org.testng.reporters.JUnitXMLReporter -->
<testsuite ignored="0" hostname="Ayushs-MacBook-Air.local" failures="0" tests="4" name="User CRUD Tests" time="2.48" errors="0" timestamp="2026-01-18T18:01:42 IST">
  <testcase classname="com.booker.api.tests.UserApiTest" name="testCreateUser" time="0.686"/>
  <testcase classname="com.booker.api.tests.UserApiTest" name="testDeleteUser" time="0.479"/>
  <testcase classname="com.booker.api.tests.UserApiTest" name="testGetUser" time="0.552"/>
  <testcase classname="com.booker.api.tests.UserApiTest" name="testUpdateUser" time="0.76"/>
</testsuite> <!-- User CRUD Tests -->
